{"message":"hello","level":"info"}
{"message":"hello","level":"info"}
{"message":"\u001b[0mGET /auth/login \u001b[36m304\u001b[0m 10.640 ms - -\u001b[0m\n","level":"info"}
{"message":"hello","level":"info"}
{"message":"::1 - - [29/Apr/2020:01:50:38 +0000] \"GET /auth/login HTTP/1.1\" 304 - \"-\" \"Mozilla/5.0 (Windows NT 10.0; Win64; x64) AppleWebKit/537.36 (KHTML, like Gecko) Chrome/81.0.4044.129 Safari/537.36\"\n","level":"info"}
{"message":"::1 - - [29/Apr/2020:11:46:32 +0000] \"GET /movies/1 HTTP/1.1\" 200 15 \"-\" \"PostmanRuntime/7.24.1\"\n","level":"info"}
{"message":"::1 - - [29/Apr/2020:11:56:21 +0000] \"GET /movies/1 HTTP/1.1\" 200 12474 \"-\" \"PostmanRuntime/7.24.1\"\n","level":"info"}
{"message":"::1 - - [29/Apr/2020:11:56:47 +0000] \"GET /movies/2 HTTP/1.1\" 200 13664 \"-\" \"PostmanRuntime/7.24.1\"\n","level":"info"}
{"message":"::1 - - [29/Apr/2020:11:59:01 +0000] \"GET /movies/anas HTTP/1.1\" 400 11 \"-\" \"PostmanRuntime/7.24.1\"\n","level":"info"}
{"message":"::1 - - [29/Apr/2020:11:59:13 +0000] \"GET /movies/4 HTTP/1.1\" 200 15668 \"-\" \"PostmanRuntime/7.24.1\"\n","level":"info"}
{"message":"::1 - - [29/Apr/2020:13:32:57 +0000] \"GET /movies/2 HTTP/1.1\" 200 13664 \"-\" \"PostmanRuntime/7.24.1\"\n","level":"info"}
{"message":"::1 - - [29/Apr/2020:13:33:21 +0000] \"GET /movie/573a1390f29313caabcd56df HTTP/1.1\" 200 1126 \"-\" \"PostmanRuntime/7.24.1\"\n","level":"info"}
{"message":"::1 - - [29/Apr/2020:13:50:19 +0000] \"GET /movie/573a1390f29313caabcd56df HTTP/1.1\" 200 1126 \"-\" \"PostmanRuntime/7.24.1\"\n","level":"info"}
{"message":"::1 - - [29/Apr/2020:13:50:27 +0000] \"GET /movie/123 HTTP/1.1\" 500 1156 \"-\" \"PostmanRuntime/7.24.1\"\n","level":"info"}
{"message":"::1 - - [29/Apr/2020:13:52:10 +0000] \"GET /movie/123 HTTP/1.1\" 400 11 \"-\" \"PostmanRuntime/7.24.1\"\n","level":"info"}
{"message":"::1 - - [29/Apr/2020:13:52:21 +0000] \"GET /movie/573a1390f29313caabcd56df HTTP/1.1\" 200 1126 \"-\" \"PostmanRuntime/7.24.1\"\n","level":"info"}
{"name":"MongoParseError","level":"error"}
{"name":"MongoNetworkError","level":"error"}
{"name":"MongoNetworkError","level":"error"}
{"name":"MongoNetworkError","level":"error"}
{"message":"::1 - - [29/Apr/2020:15:08:03 +0000] \"GET /comments HTTP/1.1\" 404 147 \"-\" \"PostmanRuntime/7.24.1\"\n","level":"info"}
{"message":"::1 - - [29/Apr/2020:15:11:08 +0000] \"GET /comments HTTP/1.1\" 500 1045 \"-\" \"PostmanRuntime/7.24.1\"\n","level":"info"}
{"message":"::1 - - [29/Apr/2020:15:11:22 +0000] \"GET /comments HTTP/1.1\" 404 9 \"-\" \"PostmanRuntime/7.24.1\"\n","level":"info"}
